# JRE version: Java(TM) SE Runtime Environment 18.9 (11.0.8+10) (build 11.0.8+10-LTS)
# Java VM: Java HotSpot(TM) 64-Bit Server VM 18.9 (11.0.8+10-LTS, mixed mode, tiered, compressed oops, parallel gc, windows-amd64)
Heap:
 PSYoungGen      total 4096K, used 3659K [0x00000000eab00000, 0x00000000eb300000, 0x0000000100000000)
  eden space 3584K, 94% used [0x00000000eab00000,0x00000000eae4ada0,0x00000000eae80000)
  from space 512K, 56% used [0x00000000eaf00000,0x00000000eaf48000,0x00000000eaf80000)
  to   space 1536K, 0% used [0x00000000eb180000,0x00000000eb180000,0x00000000eb300000)
 ParOldGen       total 187392K, used 158095K [0x00000000c0000000, 0x00000000cb700000, 0x00000000eab00000)
  object space 187392K, 84% used [0x00000000c0000000,0x00000000c9a63f00,0x00000000cb700000)
 Metaspace       used 100199K, capacity 104521K, committed 105304K, reserved 1144832K
  class space    used 9032K, capacity 10417K, committed 10624K, reserved 1048576K
GC Heap History (10 events):
Event: 36833.320 GC heap before
{Heap before GC invocations=7678 (full 156):
 PSYoungGen      total 3584K, used 3354K [0x00000000eab00000, 0x00000000eb000000, 0x0000000100000000)
  eden space 3072K, 99% used [0x00000000eab00000,0x00000000eadfe950,0x00000000eae00000)
  from space 512K, 56% used [0x00000000eaf80000,0x00000000eafc8000,0x00000000eb000000)
  to   space 512K, 0% used [0x00000000eaf00000,0x00000000eaf00000,0x00000000eaf80000)
 ParOldGen       total 187392K, used 150572K [0x00000000c0000000, 0x00000000cb700000, 0x00000000eab00000)
  object space 187392K, 80% used [0x00000000c0000000,0x00000000c930b3c0,0x00000000cb700000)
 Metaspace       used 100198K, capacity 104521K, committed 105304K, reserved 1144832K
  class space    used 9032K, capacity 10417K, committed 10624K, reserved 1048576K
}
Event: 36833.326 GC heap after
{Heap after GC invocations=7678 (full 156):
 PSYoungGen      total 3584K, used 512K [0x00000000eab00000, 0x00000000eb100000, 0x0000000100000000)
  eden space 3072K, 0% used [0x00000000eab00000,0x00000000eab00000,0x00000000eae00000)
  from space 512K, 100% used [0x00000000eaf00000,0x00000000eaf80000,0x00000000eaf80000)
  to   space 1536K, 0% used [0x00000000eaf80000,0x00000000eaf80000,0x00000000eb100000)
 ParOldGen       total 187392K, used 151061K [0x00000000c0000000, 0x00000000cb700000, 0x00000000eab00000)
  object space 187392K, 80% used [0x00000000c0000000,0x00000000c9385770,0x00000000cb700000)
 Metaspace       used 100198K, capacity 104521K, committed 105304K, reserved 1144832K
  class space    used 9032K, capacity 10417K, committed 10624K, reserved 1048576K
}
Event: 36833.337 GC heap before
{Heap before GC invocations=7679 (full 156):
 PSYoungGen      total 3584K, used 3584K [0x00000000eab00000, 0x00000000eb100000, 0x0000000100000000)
  eden space 3072K, 100% used [0x00000000eab00000,0x00000000eae00000,0x00000000eae00000)
  from space 512K, 100% used [0x00000000eaf00000,0x00000000eaf80000,0x00000000eaf80000)
  to   space 1536K, 0% used [0x00000000eaf80000,0x00000000eaf80000,0x00000000eb100000)
 ParOldGen       total 187392K, used 151061K [0x00000000c0000000, 0x00000000cb700000, 0x00000000eab00000)
  object space 187392K, 80% used [0x00000000c0000000,0x00000000c9385770,0x00000000cb700000)
 Metaspace       used 100198K, capacity 104521K, committed 105304K, reserved 1144832K
  class space    used 9032K, capacity 10417K, committed 10624K, reserved 1048576K
}
Event: 36833.343 GC heap after
{Heap after GC invocations=7679 (full 156):
 PSYoungGen      total 5120K, used 810K [0x00000000eab00000, 0x00000000eb100000, 0x0000000100000000)
  eden space 3584K, 0% used [0x00000000eab00000,0x00000000eab00000,0x00000000eae80000)
  from space 1536K, 52% used [0x00000000eaf80000,0x00000000eb04a910,0x00000000eb100000)
  to   space 1024K, 0% used [0x00000000eae80000,0x00000000eae80000,0x00000000eaf80000)
 ParOldGen       total 187392K, used 151597K [0x00000000c0000000, 0x00000000cb700000, 0x00000000eab00000)
  object space 187392K, 80% used [0x00000000c0000000,0x00000000c940b770,0x00000000cb700000)
 Metaspace       used 100198K, capacity 104521K, committed 105304K, reserved 1144832K
  class space    used 9032K, capacity 10417K, committed 10624K, reserved 1048576K
}
Event: 36833.603 GC heap before
{Heap before GC invocations=7680 (full 156):
 PSYoungGen      total 5120K, used 4394K [0x00000000eab00000, 0x00000000eb100000, 0x0000000100000000)
  eden space 3584K, 100% used [0x00000000eab00000,0x00000000eae80000,0x00000000eae80000)
  from space 1536K, 52% used [0x00000000eaf80000,0x00000000eb04a910,0x00000000eb100000)
  to   space 1024K, 0% used [0x00000000eae80000,0x00000000eae80000,0x00000000eaf80000)
 ParOldGen       total 187392K, used 151597K [0x00000000c0000000, 0x00000000cb700000, 0x00000000eab00000)
  object space 187392K, 80% used [0x00000000c0000000,0x00000000c940b770,0x00000000cb700000)
 Metaspace       used 100198K, capacity 104521K, committed 105304K, reserved 1144832K
  class space    used 9032K, capacity 10417K, committed 10624K, reserved 1048576K
}
Event: 36833.613 GC heap after
{Heap after GC invocations=7680 (full 156):
 PSYoungGen      total 4608K, used 730K [0x00000000eab00000, 0x00000000eb080000, 0x0000000100000000)
  eden space 3584K, 0% used [0x00000000eab00000,0x00000000eab00000,0x00000000eae80000)
  from space 1024K, 71% used [0x00000000eae80000,0x00000000eaf36900,0x00000000eaf80000)
  to   space 1024K, 0% used [0x00000000eaf80000,0x00000000eaf80000,0x00000000eb080000)
 ParOldGen       total 187392K, used 152346K [0x00000000c0000000, 0x00000000cb700000, 0x00000000eab00000)
  object space 187392K, 81% used [0x00000000c0000000,0x00000000c94c69c0,0x00000000cb700000)
 Metaspace       used 100198K, capacity 104521K, committed 105304K, reserved 1144832K
  class space    used 9032K, capacity 10417K, committed 10624K, reserved 1048576K
}
Event: 36833.642 GC heap before
{Heap before GC invocations=7681 (full 156):
 PSYoungGen      total 4608K, used 4314K [0x00000000eab00000, 0x00000000eb080000, 0x0000000100000000)
  eden space 3584K, 100% used [0x00000000eab00000,0x00000000eae80000,0x00000000eae80000)
  from space 1024K, 71% used [0x00000000eae80000,0x00000000eaf36900,0x00000000eaf80000)
  to   space 1024K, 0% used [0x00000000eaf80000,0x00000000eaf80000,0x00000000eb080000)
 ParOldGen       total 187392K, used 152346K [0x00000000c0000000, 0x00000000cb700000, 0x00000000eab00000)
  object space 187392K, 81% used [0x00000000c0000000,0x00000000c94c69c0,0x00000000cb700000)
 Metaspace       used 100198K, capacity 104521K, committed 105304K, reserved 1144832K
  class space    used 9032K, capacity 10417K, committed 10624K, reserved 1048576K
}
Event: 36833.645 GC heap after
{Heap after GC invocations=7681 (full 156):
 PSYoungGen      total 4608K, used 880K [0x00000000eab00000, 0x00000000eb080000, 0x0000000100000000)
  eden space 3584K, 0% used [0x00000000eab00000,0x00000000eab00000,0x00000000eae80000)
  from space 1024K, 85% used [0x00000000eaf80000,0x00000000eb05c018,0x00000000eb080000)
  to   space 1024K, 0% used [0x00000000eae80000,0x00000000eae80000,0x00000000eaf80000)
 ParOldGen       total 187392K, used 152534K [0x00000000c0000000, 0x00000000cb700000, 0x00000000eab00000)
  object space 187392K, 81% used [0x00000000c0000000,0x00000000c94f5b90,0x00000000cb700000)
 Metaspace       used 100198K, capacity 104521K, committed 105304K, reserved 1144832K
  class space    used 9032K, capacity 10417K, committed 10624K, reserved 1048576K
}
Event: 36833.686 GC heap before
{Heap before GC invocations=7682 (full 156):
 PSYoungGen      total 4608K, used 4464K [0x00000000eab00000, 0x00000000eb080000, 0x0000000100000000)
  eden space 3584K, 100% used [0x00000000eab00000,0x00000000eae80000,0x00000000eae80000)
  from space 1024K, 85% used [0x00000000eaf80000,0x00000000eb05c018,0x00000000eb080000)
  to   space 1024K, 0% used [0x00000000eae80000,0x00000000eae80000,0x00000000eaf80000)
 ParOldGen       total 187392K, used 152534K [0x00000000c0000000, 0x00000000cb700000, 0x00000000eab00000)
  object space 187392K, 81% used [0x00000000c0000000,0x00000000c94f5b90,0x00000000cb700000)
 Metaspace       used 100198K, capacity 104521K, committed 105304K, reserved 1144832K
  class space    used 9032K, capacity 10417K, committed 10624K, reserved 1048576K
}
Event: 36833.690 GC heap after
{Heap after GC invocations=7682 (full 156):
 PSYoungGen      total 4608K, used 1013K [0x00000000eab00000, 0x00000000eb680000, 0x0000000100000000)
  eden space 3584K, 0% used [0x00000000eab00000,0x00000000eab00000,0x00000000eae80000)
  from space 1024K, 99% used [0x00000000eae80000,0x00000000eaf7d798,0x00000000eaf80000)
  to   space 4096K, 0% used [0x00000000eb280000,0x00000000eb280000,0x00000000eb680000)
 ParOldGen       total 187392K, used 154981K [0x00000000c0000000, 0x00000000cb700000, 0x00000000eab00000)
  object space 187392K, 82% used [0x00000000c0000000,0x00000000c9759420,0x00000000cb700000)
 Metaspace       used 100198K, capacity 104521K, committed 105304K, reserved 1144832K
  class space    used 9032K, capacity 10417K, committed 10624K, reserved 1048576K
}

